This is pdfeTeX, Version 3.141592-1.30.6-2.2 (MiKTeX 2.5) (preloaded format=latex 2006.9.25)  30 SEP 2009 15:07
entering extended mode
**C:/SVN/dyn_util/latex/dyn_tbx.tex
(C:\SVN\dyn_util\latex\dyn_tbx.tex
LaTeX2e <2005/12/01>
Babel <v3.8g> and hyphenation patterns for english, dumylang, nohyphenation, ge
rman, ngerman, french, loaded.
("C:\Program Files\MiKTeX 2.5\tex\latex\base\article.cls"
Document Class: article 2005/09/16 v1.4f Standard LaTeX document class
("C:\Program Files\MiKTeX 2.5\tex\latex\base\size12.clo"
File: size12.clo 2005/09/16 v1.4f Standard LaTeX file (size option)
)
\c@part=\count79
\c@section=\count80
\c@subsection=\count81
\c@subsubsection=\count82
\c@paragraph=\count83
\c@subparagraph=\count84
\c@figure=\count85
\c@table=\count86
\abovecaptionskip=\skip41
\belowcaptionskip=\skip42
\bibindent=\dimen102
)
("C:\Program Files\MiKTeX 2.5\tex\latex\amsfonts\amssymb.sty"
Package: amssymb 2002/01/22 v2.2d

("C:\Program Files\MiKTeX 2.5\tex\latex\amsfonts\amsfonts.sty"
Package: amsfonts 2001/10/25 v2.2f
\@emptytoks=\toks14
\symAMSa=\mathgroup4
\symAMSb=\mathgroup5
LaTeX Font Info:    Overwriting math alphabet `\mathfrak' in version `bold'
(Font)                  U/euf/m/n --> U/euf/b/n on input line 132.
))
("C:\Program Files\MiKTeX 2.5\tex\latex\amsmath\amsmath.sty"
Package: amsmath 2000/07/18 v2.13 AMS math features
\@mathmargin=\skip43

For additional information on amsmath, use the `?' option.
("C:\Program Files\MiKTeX 2.5\tex\latex\amsmath\amstext.sty"
Package: amstext 2000/06/29 v2.01

("C:\Program Files\MiKTeX 2.5\tex\latex\amsmath\amsgen.sty"
File: amsgen.sty 1999/11/30 v2.0
\@emptytoks=\toks15
\ex@=\dimen103
))
("C:\Program Files\MiKTeX 2.5\tex\latex\amsmath\amsbsy.sty"
Package: amsbsy 1999/11/29 v1.2d
\pmbraise@=\dimen104
)
("C:\Program Files\MiKTeX 2.5\tex\latex\amsmath\amsopn.sty"
Package: amsopn 1999/12/14 v2.01 operator names
)
\inf@bad=\count87
LaTeX Info: Redefining \frac on input line 211.
\uproot@=\count88
\leftroot@=\count89
LaTeX Info: Redefining \overline on input line 307.
\classnum@=\count90
\DOTSCASE@=\count91
LaTeX Info: Redefining \ldots on input line 379.
LaTeX Info: Redefining \dots on input line 382.
LaTeX Info: Redefining \cdots on input line 467.
\Mathstrutbox@=\box26
\strutbox@=\box27
\big@size=\dimen105
LaTeX Font Info:    Redeclaring font encoding OML on input line 567.
LaTeX Font Info:    Redeclaring font encoding OMS on input line 568.
\macc@depth=\count92
\c@MaxMatrixCols=\count93
\dotsspace@=\muskip10
\c@parentequation=\count94
\dspbrk@lvl=\count95
\tag@help=\toks16
\row@=\count96
\column@=\count97
\maxfields@=\count98
\andhelp@=\toks17
\eqnshift@=\dimen106
\alignsep@=\dimen107
\tagshift@=\dimen108
\tagwidth@=\dimen109
\totwidth@=\dimen110
\lineht@=\dimen111
\@envbody=\toks18
\multlinegap=\skip44
\multlinetaggap=\skip45
\mathdisplay@stack=\toks19
LaTeX Info: Redefining \[ on input line 2666.
LaTeX Info: Redefining \] on input line 2667.
)
("C:\Program Files\MiKTeX 2.5\tex\latex\graphics\graphicx.sty"
Package: graphicx 1999/02/16 v1.0f Enhanced LaTeX Graphics (DPC,SPQR)

("C:\Program Files\MiKTeX 2.5\tex\latex\graphics\keyval.sty"
Package: keyval 1999/03/16 v1.13 key=value parser (DPC)
\KV@toks@=\toks20
)
("C:\Program Files\MiKTeX 2.5\tex\latex\graphics\graphics.sty"
Package: graphics 2006/02/20 v1.0o Standard LaTeX Graphics (DPC,SPQR)

("C:\Program Files\MiKTeX 2.5\tex\latex\graphics\trig.sty"
Package: trig 1999/03/16 v1.09 sin cos tan (DPC)
)
("C:\Program Files\MiKTeX 2.5\tex\latex\00miktex\graphics.cfg"
File: graphics.cfg 2005/12/29 v1.2 MiKTeX 'graphics' configuration
)
Package graphics Info: Driver file: dvips.def on input line 90.

("C:\Program Files\MiKTeX 2.5\tex\latex\graphics\dvips.def"
File: dvips.def 1999/02/16 v3.0i Driver-dependant file (DPC,SPQR)
))
\Gin@req@height=\dimen112
\Gin@req@width=\dimen113
)
("C:\Program Files\MiKTeX 2.5\tex\latex\natbib\natbib.sty"
Package: natbib 2006/08/18 7.4 (PWD)
\bibhang=\skip46
\bibsep=\skip47
LaTeX Info: Redefining \cite on input line 541.
\c@NAT@ctr=\count99
)
("C:\Program Files\MiKTeX 2.5\tex\latex\psfrag\psfrag.sty"
Package: psfrag 1998/04/11 v3.04 PSfrag (MCG)
\pfg@pcount=\count100
\pfg@scount=\count101
\pfg@temp=\write3
)
("C:\Program Files\MiKTeX 2.5\tex\latex\setspace\setspace.sty"
Package: setspace 2000/12/01 6.7 Contributed and Supported LaTeX2e package

Package: `setspace' 6.7 <2000/12/01>
) ("C:\Program Files\MiKTeX 2.5\tex\latex\rotating\rotating.sty"
Package: rotating 1997/09/26 v2.13 Rotation package

("C:\Program Files\MiKTeX 2.5\tex\latex\base\ifthen.sty"
Package: ifthen 2001/05/26 v1.1c Standard LaTeX ifthen package (DPC)
)
\c@r@tfl@t=\count102
\rot@float@box=\box28
) (dyn_tbx.aux)
LaTeX Font Info:    Checking defaults for OML/cmm/m/it on input line 20.
LaTeX Font Info:    ... okay on input line 20.
LaTeX Font Info:    Checking defaults for T1/cmr/m/n on input line 20.
LaTeX Font Info:    ... okay on input line 20.
LaTeX Font Info:    Checking defaults for OT1/cmr/m/n on input line 20.
LaTeX Font Info:    ... okay on input line 20.
LaTeX Font Info:    Checking defaults for OMS/cmsy/m/n on input line 20.
LaTeX Font Info:    ... okay on input line 20.
LaTeX Font Info:    Checking defaults for OMX/cmex/m/n on input line 20.
LaTeX Font Info:    ... okay on input line 20.
LaTeX Font Info:    Checking defaults for U/cmr/m/n on input line 20.
LaTeX Font Info:    ... okay on input line 20.
LaTeX Font Info:    Try loading font information for U+msa on input line 41.

("C:\Program Files\MiKTeX 2.5\tex\latex\amsfonts\umsa.fd"
File: umsa.fd 2002/01/19 v2.2g AMS font definitions
)
LaTeX Font Info:    Try loading font information for U+msb on input line 41.

("C:\Program Files\MiKTeX 2.5\tex\latex\amsfonts\umsb.fd"
File: umsb.fd 2002/01/19 v2.2g AMS font definitions
) [1

]
Overfull \hbox (4.3pt too wide) in paragraph at lines 80--81
[][][]\OT1/cmtt/m/n/12 dynare_sensitivity(option1=<opt1_val>,option2=<opt2_val>
,...) 
 []

[2]
Overfull \hbox (7.07413pt too wide) in paragraph at lines 122--134
[][] 
 []

[3]
Underfull \hbox (badness 10000) in paragraph at lines 137--142

 []


Overfull \hbox (26.50142pt too wide) in paragraph at lines 148--178
[][][]
 []


Underfull \hbox (badness 10000) in paragraph at lines 148--178

 []


Underfull \hbox (badness 10000) in paragraph at lines 179--181

 []

[4]
LaTeX Font Info:    Try loading font information for OMS+cmr on input line 205.

 ("C:\Program Files\MiKTeX 2.5\tex\latex\base\omscmr.fd"
File: omscmr.fd 1999/05/25 v2.5h Standard LaTeX font definitions
)
LaTeX Font Info:    Font shape `OMS/cmr/m/n' in size <12> not available
(Font)              Font shape `OMS/cmsy/m/n' tried instead on input line 205.

Overfull \hbox (26.51085pt too wide) in paragraph at lines 217--237
[][][] 
 []

[5]
Overfull \hbox (44.59268pt too wide) in paragraph at lines 256--271
[][][] 
 []

[6] [7]
Underfull \hbox (badness 10000) in paragraph at lines 292--300

 []


Underfull \hbox (badness 10000) in paragraph at lines 292--300

 []

[8]
Overfull \hbox (12.08382pt too wide) in paragraph at lines 364--366
[][][]\OT1/cmtt/m/n/12 <DYNARE_file>_rmse_post*.fig\OT1/cmr/m/n/12 : save re-su
lts for the anal-y-sis us-ing Metropo-
 []


Overfull \hbox (8.24295pt too wide) in paragraph at lines 376--379
[][][]\OT1/cmtt/m/n/12 <DYNARE_file>_rmse_prior_<name of observedseries>_corr_*
.fig\OT1/cmr/m/n/12 : for
 []

[9]
Overfull \hbox (5.72563pt too wide) in paragraph at lines 385--390
\OT1/cmr/m/it/12 in red \OT1/cmr/m/n/12 the cdf of the log-posterior cor-re-spo
nd-ing to the best 10% RMSE's,
 []


Overfull \hbox (0.88243pt too wide) in paragraph at lines 395--398
[][][]\OT1/cmtt/m/n/12 <DYNARE_file>_rmse_prior_lik_SA_*.fig\OT1/cmr/m/n/12 : w
hen []\OT1/cmtt/m/n/12 lik_only=1\OT1/cmr/m/n/12 , this shows
 []


Overfull \hbox (7.05743pt too wide) in paragraph at lines 398--401
[][][]\OT1/cmtt/m/n/12 <DYNARE_file>_rmse_prior_post_SA_*.fig\OT1/cmr/m/n/12 : 
when []\OT1/cmtt/m/n/12 lik_only=1\OT1/cmr/m/n/12 , this shows
 []


Overfull \hbox (9.38109pt too wide) in paragraph at lines 414--420
[][][]\OT1/cmtt/m/n/12 <DYNARE_file>_redform_<endo name>_vs_shocks_*.fig\OT1/cm
r/m/n/12 : shows bar charts
 []


Overfull \hbox (26.57321pt too wide) in paragraph at lines 426--431
[][]\OT1/cmr/m/n/12 Detailed re-sults of the anal-y-ses are shown in the sub-fo
lder []\OT1/cmtt/m/n/12 \GSA\redform_stab\OT1/cmr/m/n/12 ,
 []

[10]
Overfull \hbox (9.38109pt too wide) in paragraph at lines 464--469
[][][]\OT1/cmtt/m/n/12 <DYNARE_file>_redform_<endo name>_vs_shocks_*.fig\OT1/cm
r/m/n/12 : shows bar charts
 []

(dyn_tbx.bbl [11]) [12] (dyn_tbx.aux) ) 
Here is how much of TeX's memory you used:
 1989 strings out of 95420
 21421 string characters out of 1187324
 74420 words of memory out of 1073000
 5051 multiletter control sequences out of 60000
 14651 words of font info for 57 fonts, out of 1000000 for 2000
 14 hyphenation exceptions out of 8191
 29i,13n,24p,335b,294s stack positions out of 5000i,500n,10000p,200000b,32768s

Output written on dyn_tbx.dvi (12 pages, 31748 bytes).
