This is pdfeTeX, Version 3.141592-1.30.4-2.2 (Web2C 7.5.5) (format=pdflatex 2006.12.1)  10 FEB 2007 19:44
entering extended mode
\write18 enabled.
**ch-inst.tex
(./ch-inst.tex
LaTeX2e <2003/12/01>
Babel <v3.8d> and hyphenation patterns for american, french, german, ngerman, b
ahasa, basque, bulgarian, catalan, croatian, czech, danish, dutch, esperanto, e
stonian, finnish, greek, icelandic, irish, italian, latin, magyar, norsk, polis
h, portuges, romanian, russian, serbian, slovak, slovene, spanish, swedish, tur
kish, ukrainian, nohyphenation, loaded.
! Undefined control sequence.
l.1 \chapter
            {Installing Dynare} \label{ch:install}
? 
! Emergency stop.
l.1 \chapter
            {Installing Dynare} \label{ch:install}
End of file on the terminal!

 
Here is how much of TeX's memory you used:
 5 strings out of 94424
 123 string characters out of 1172363
 2048354 words of memory out of 4500000
 3314 multiletter control sequences out of 10000+50000
 3640 words of font info for 14 fonts, out of 2000000 for 2000
 582 hyphenation exceptions out of 5000
 5i,0n,1p,60b,8s stack positions out of 5000i,500n,6000p,200000b,40000s
PDF statistics:
 0 PDF objects out of 300000
 0 named destinations out of 131072
 1 words of extra memory for PDF output out of 10000
No pages of output.
